<?xml version="1.0" encoding="UTF-8"?>
<!-- Generated by org.testng.reporters.JUnitReportReporter -->
<testsuite hostname="Mainaks-MacBook-Air.local" failures="0" tests="1" name="Apeksha_Selenium.Rexall" time="6.796" errors="0" timestamp="2022-05-07T17:46:14 IST" skipped="0">
  <testcase classname="Apeksha_Selenium.Rexall" name="Frames" time="6.796"/>
  <system-out/>
</testsuite> <!-- Apeksha_Selenium.Rexall -->
